Copyright 1986-2019 Xilinx, Inc. All Rights Reserved.
----------------------------------------------------------------------------------------
| Tool Version : Vivado v.2019.1 (win64) Build 2552052 Fri May 24 14:49:42 MDT 2019
| Date         : Thu Aug 15 09:59:10 2019
| Host         : SHULKER running 64-bit major release  (build 9200)
| Command      : report_control_sets -verbose -file xc7a35t_top_control_sets_placed.rpt
| Design       : xc7a35t_top
| Device       : xc7a35ti
----------------------------------------------------------------------------------------

Control Set Information

Table of Contents
-----------------
1. Summary
2. Histogram
3. Flip-Flop Distribution
4. Detailed Control Set Information

1. Summary
----------

+----------------------------------------------------------+-------+
|                          Status                          | Count |
+----------------------------------------------------------+-------+
| Total control sets                                       |     6 |
|    Minimum number of control sets                        |     6 |
|    Addition due to synthesis replication                 |     0 |
|    Addition due to physical synthesis replication        |     0 |
| Unused register locations in slices containing registers |    12 |
+----------------------------------------------------------+-------+
* Control sets can be merged at opt_design using control_set_merge or merge_equivalent_drivers
** Run report_qor_suggestions for automated merging and remapping suggestions


2. Histogram
------------

+--------------------+-------+
|       Fanout       | Count |
+--------------------+-------+
| Total control sets |     6 |
| >= 0 to < 4        |     0 |
| >= 4 to < 6        |     2 |
| >= 6 to < 8        |     0 |
| >= 8 to < 10       |     3 |
| >= 10 to < 12      |     1 |
| >= 12 to < 14      |     0 |
| >= 14 to < 16      |     0 |
| >= 16              |     0 |
+--------------------+-------+
* Control sets can be remapped at either synth_design or opt_design


3. Flip-Flop Distribution
-------------------------

+--------------+-----------------------+------------------------+-----------------+--------------+
| Clock Enable | Synchronous Set/Reset | Asynchronous Set/Reset | Total Registers | Total Slices |
+--------------+-----------------------+------------------------+-----------------+--------------+
| No           | No                    | No                     |               0 |            0 |
| No           | No                    | Yes                    |              18 |            8 |
| No           | Yes                   | No                     |               0 |            0 |
| Yes          | No                    | No                     |               0 |            0 |
| Yes          | No                    | Yes                    |              18 |            4 |
| Yes          | Yes                   | No                     |               0 |            0 |
+--------------+-----------------------+------------------------+-----------------+--------------+


4. Detailed Control Set Information
-----------------------------------

+----------------------+----------------------------+--------------------------+------------------+----------------+
|     Clock Signal     |        Enable Signal       |     Set/Reset Signal     | Slice Load Count | Bel Load Count |
+----------------------+----------------------------+--------------------------+------------------+----------------+
|  clk_200_inst/CLK    | fifo_0/ack_next            | galois_lfsr_0/reset_high |                1 |              5 |
|  clk_200_inst/CLK    | fifo_0/pop_ptr0            | galois_lfsr_0/reset_high |                1 |              5 |
|  clk_200_inst/CLK    |                            | galois_lfsr_0/reset_high |                2 |              8 |
|  clk_200_inst/CLK    | fifo_0/p_0_in__2           |                          |                1 |              8 |
|  clk_50_inst/clk0_50 | fifo0_ack_edge_detect/E[0] | galois_lfsr_0/reset_high |                2 |              8 |
|  clk_50_inst/clk0_50 |                            | galois_lfsr_0/reset_high |                6 |             10 |
+----------------------+----------------------------+--------------------------+------------------+----------------+


